mktextfm pplr8t
mktextfm pplr7t
mktextfm pplr7t
mktextfm pplr7t
mktextfm zplmr7m
mktextfm zplmr7m
mktextfm zplmr7m
mktextfm zplmr7y
mktextfm zplmr7y
mktextfm zplmr7y
mktextfm zplmr7v
mktextfm zplmr7v
mktextfm zplmr7v
mktextfm zplmr7t
mktextfm zplmr7t
mktextfm zplmr7t
mktextfm pplrc8t
mktextfm pplrc8t
mktextfm pplrc8t
mktextfm pplrc8t
mktextfm pplr8t
mktextfm pplb8t
mktextfm pplr8t
mktextfm pplri8t
mktextfm pplr8t
mktextfm pplb8t
mktextfm pplb8t
mktextfm pplb8t
mktextfm pplr8c
mktextfm pplr8t
mktextfm pplri8t
mktextfm pplr8t
mktextfm pplr7t
mktextfm pplr7t
mktextfm pplr7t
mktextfm zplmr7m
mktextfm zplmr7m
mktextfm zplmr7m
mktextfm zplmr7y
mktextfm zplmr7y
mktextfm zplmr7y
mktextfm zplmr7v
mktextfm zplmr7v
mktextfm zplmr7v
mktextfm zplmr7t
mktextfm zplmr7t
mktextfm zplmr7t
mktextfm pplrc8t
mktextfm pplrc8t
mktextfm pplrc8t
mktextfm pplrc8t
mktextfm pplr8t
mktextfm pplb8t
mktextfm pplr8t
mktextfm pplri8t
mktextfm pplr8t
mktextfm pplb8t
mktextfm pplb8t
mktextfm pplb8t
mktextfm pplr8c
mktextfm pplr8t
mktextfm pplr8t
mktextfm pplr7t
mktextfm pplr7t
mktextfm pplr7t
mktextfm zplmr7m
mktextfm zplmr7m
mktextfm zplmr7m
mktextfm zplmr7y
mktextfm zplmr7y
mktextfm zplmr7y
mktextfm zplmr7v
mktextfm zplmr7v
mktextfm zplmr7v
mktextfm zplmr7t
mktextfm zplmr7t
mktextfm zplmr7t
mktextfm pplrc8t
mktextfm pplrc8t
mktextfm pplrc8t
mktextfm pplrc8t
mktextfm pplr8t
mktextfm pplb8t
mktextfm pplr8t
mktextfm pplri8t
mktextfm pplr8t
mktextfm pplb8t
mktextfm pplb8t
mktextfm pplb8t
mktextfm pplr8c
mktextfm pplr8t
mktextfm pplr8t
mktextfm pplr7t
mktextfm pplr7t
mktextfm pplr7t
mktextfm zplmr7m
mktextfm zplmr7m
mktextfm zplmr7m
mktextfm zplmr7y
mktextfm zplmr7y
mktextfm zplmr7y
mktextfm zplmr7v
mktextfm zplmr7v
mktextfm zplmr7v
mktextfm zplmr7t
mktextfm zplmr7t
mktextfm zplmr7t
mktextfm pplrc8t
mktextfm pplrc8t
mktextfm pplrc8t
mktextfm pplrc8t
mktextfm pplr8t
mktextfm pplb8t
mktextfm pplr8t
mktextfm pplri8t
mktextfm pplr8t
mktextfm pplb8t
mktextfm pplb8t
mktextfm pplb8t
mktextfm pplr8c
mktextfm pplr8t
mktextfm pplr8t
mktextfm pplr7t
mktextfm pplr7t
mktextfm pplr7t
mktextfm zplmr7m
mktextfm zplmr7m
mktextfm zplmr7m
mktextfm zplmr7y
mktextfm zplmr7y
mktextfm zplmr7y
mktextfm zplmr7v
mktextfm zplmr7v
mktextfm zplmr7v
mktextfm zplmr7t
mktextfm zplmr7t
mktextfm zplmr7t
mktextfm pplrc8t
mktextfm pplrc8t
mktextfm pplrc8t
mktextfm pplrc8t
mktextfm pplr8t
mktextfm pplb8t
mktextfm pplr8t
mktextfm pplri8t
mktextfm pplr8t
mktextfm pplb8t
mktextfm pplb8t
mktextfm pplb8t
mktextfm pplr8c
mktextfm pplr8t
mktextfm pplr8t
mktextfm pplr7t
mktextfm pplr7t
mktextfm pplr7t
mktextfm zplmr7m
mktextfm zplmr7m
mktextfm zplmr7m
mktextfm zplmr7y
mktextfm zplmr7y
mktextfm zplmr7y
mktextfm zplmr7v
mktextfm zplmr7v
mktextfm zplmr7v
mktextfm zplmr7t
mktextfm zplmr7t
mktextfm zplmr7t
mktextfm pplr8t
mktextfm pplb8t
mktextfm pplb8t
mktextfm pplr8t
mktextfm pplb8t
mktextfm pplr8c
mktextfm pplr8t
mktextfm pplr8t
mktextfm pplr7t
mktextfm pplr7t
mktextfm pplr7t
mktextfm zplmr7m
mktextfm zplmr7m
mktextfm zplmr7m
mktextfm zplmr7y
mktextfm zplmr7y
mktextfm zplmr7y
mktextfm zplmr7v
mktextfm zplmr7v
mktextfm zplmr7v
mktextfm zplmr7t
mktextfm zplmr7t
mktextfm zplmr7t
mktextfm pplr8t
mktextfm pplb8t
mktextfm pplb8t
mktextfm pplr8t
mktextfm pplb8t
mktextfm pplr8c
mktextfm pplr8t
mktextfm pplr7t
mktextfm pplr7t
mktextfm pplr7t
mktextfm zplmr7m
mktextfm zplmr7m
mktextfm zplmr7m
mktextfm zplmr7y
mktextfm zplmr7y
mktextfm zplmr7y
mktextfm zplmr7v
mktextfm zplmr7v
mktextfm zplmr7v
mktextfm zplmr7t
mktextfm zplmr7t
mktextfm zplmr7t
mktextfm pplrc7t
mktextfm pplrc7t
mktextfm pplrc7t
mktextfm pplrc7t
mktextfm pplr7t
mktextfm pplb7t
mktextfm pplr7t
mktextfm pplri7t
mktextfm pplr7t
mktextfm pplb7t
mktextfm pplb7t
mktextfm pplb7t
mktextfm pplr8c
mktextfm pplr7t
mktextfm pplr7t
mktextfm pplr7t
mktextfm pplr7t
mktextfm zplmr7m
mktextfm zplmr7m
mktextfm zplmr7m
mktextfm zplmr7y
mktextfm zplmr7y
mktextfm zplmr7y
mktextfm zplmr7v
mktextfm zplmr7v
mktextfm zplmr7v
mktextfm zplmr7t
mktextfm zplmr7t
mktextfm zplmr7t
mktextfm pplrc7t
mktextfm pplrc7t
mktextfm pplrc7t
mktextfm pplrc7t
mktextfm pplr7t
mktextfm pplb7t
mktextfm pplr7t
mktextfm pplri7t
mktextfm pplr7t
mktextfm pplb7t
mktextfm pplb7t
mktextfm pplb7t
mktextfm pplr8c
mktextfm pplr7t
mktextfm pplr8t
mktextfm pplr7t
mktextfm pplr7t
mktextfm pplr7t
mktextfm zplmr7m
mktextfm zplmr7m
mktextfm zplmr7m
mktextfm zplmr7y
mktextfm zplmr7y
mktextfm zplmr7y
mktextfm zplmr7v
mktextfm zplmr7v
mktextfm zplmr7v
mktextfm zplmr7t
mktextfm zplmr7t
mktextfm zplmr7t
mktextfm pplrc8t
mktextfm pplrc8t
mktextfm pplrc8t
mktextfm pplrc8t
mktextfm pplr8t
mktextfm pplb8t
mktextfm pplr8t
mktextfm pplri8t
mktextfm pplr8t
mktextfm pplb8t
mktextfm pplb8t
mktextfm pplb8t
mktextfm pplr8c
mktextfm pplr8t
mktextfm pplr8t
mktextfm pplr7t
mktextfm pplr7t
mktextfm pplr7t
mktextfm zplmr7m
mktextfm zplmr7m
mktextfm zplmr7m
mktextfm zplmr7y
mktextfm zplmr7y
mktextfm zplmr7y
mktextfm zplmr7v
mktextfm zplmr7v
mktextfm zplmr7v
mktextfm zplmr7t
mktextfm zplmr7t
mktextfm zplmr7t
mktextfm pplrc8t
mktextfm pplrc8t
mktextfm pplrc8t
mktextfm pplrc8t
mktextfm pplr8t
mktextfm pplb8t
mktextfm pplr8t
mktextfm pplri8t
mktextfm pplr8t
mktextfm pplb8t
mktextfm pplb8t
mktextfm pplb8t
mktextfm pplr8c
mktextfm pplr8t
mktextfm pplr8t
mktextfm pplr7t
mktextfm pplr7t
mktextfm pplr7t
mktextfm zplmr7m
mktextfm zplmr7m
mktextfm zplmr7m
mktextfm zplmr7y
mktextfm zplmr7y
mktextfm zplmr7y
mktextfm zplmr7v
mktextfm zplmr7v
mktextfm zplmr7v
mktextfm zplmr7t
mktextfm zplmr7t
mktextfm zplmr7t
mktextfm pplrc8t
mktextfm pplrc8t
mktextfm pplrc8t
mktextfm pplrc8t
mktextfm pplr8t
mktextfm pplb8t
mktextfm pplr8t
mktextfm pplri8t
mktextfm pplr8t
mktextfm pplb8t
mktextfm pplb8t
mktextfm pplb8t
mktextfm pplr8c
mktextfm pplr8t
mktextfm pplri8t
